<?xml version="1.0" encoding="UTF-8"?>
<testsuite xmlns:xsi="http://www.w3.org/2001/XMLSchema-instance" xsi:noNamespaceSchemaLocation="https://maven.apache.org/surefire/maven-surefire-plugin/xsd/surefire-test-report-3.0.xsd" version="3.0" name="com.backblaze.erasure.GaloisTest" time="0.13" tests="10" errors="0" skipped="0" failures="0">
  <properties>
[...]
</properties>
  <testcase name="testGenerateLogTable" classname="com.backblaze.erasure.GaloisTest" time="0.0"/>
  <testcase name="testExp" classname="com.backblaze.erasure.GaloisTest" time="0.005"/>
  <testcase name="testAssociativity" classname="com.backblaze.erasure.GaloisTest" time="0.079"/>
  <testcase name="testWithPythonAnswers" classname="com.backblaze.erasure.GaloisTest" time="0.0"/>
  <testcase name="testDistributivity" classname="com.backblaze.erasure.GaloisTest" time="0.037"/>
  <testcase name="testCommutativity" classname="com.backblaze.erasure.GaloisTest" time="0.006"/>
  <testcase name="testClosure" classname="com.backblaze.erasure.GaloisTest" time="0.0"/>
  <testcase name="testIdentity" classname="com.backblaze.erasure.GaloisTest" time="0.0"/>
  <testcase name="testMultiplicationTable" classname="com.backblaze.erasure.GaloisTest" time="0.003"/>
  <testcase name="testInverse" classname="com.backblaze.erasure.GaloisTest" time="0.0"/>
</testsuite>